<?xml version="1.0" encoding="UTF-8"?>
<testng-results skipped="0" failed="1" ignored="0" total="8" passed="7">
  <reporter-output>
  </reporter-output>
  <suite name="EaseMyTripAutomationSuite" duration-ms="134460" started-at="2021-05-15T21:53:18 IST" finished-at="2021-05-15T21:55:33 IST">
    <groups>
    </groups>
    <test name="EaseMyTripTestCases" duration-ms="134460" started-at="2021-05-15T21:53:18 IST" finished-at="2021-05-15T21:55:33 IST">
      <class name="com.easemytrip.qa.tests.LoginPageTest">
        <test-method status="PASS" signature="SetUp()[pri:0, instance:com.easemytrip.qa.tests.LoginPageTest@4d41cee]" name="SetUp" is-config="true" duration-ms="33209" started-at="2021-05-15T21:53:18 IST" finished-at="2021-05-15T21:53:52 IST">
          <reporter-output>
          </reporter-output>
        </test-method> <!-- SetUp -->
        <test-method status="PASS" signature="loginPageTitleTest()[pri:1, instance:com.easemytrip.qa.tests.LoginPageTest@4d41cee]" name="loginPageTitleTest" duration-ms="41" started-at="2021-05-15T21:53:52 IST" finished-at="2021-05-15T21:53:52 IST">
          <reporter-output>
          </reporter-output>
        </test-method> <!-- loginPageTitleTest -->
        <test-method status="PASS" signature="teardown()[pri:0, instance:com.easemytrip.qa.tests.LoginPageTest@4d41cee]" name="teardown" is-config="true" duration-ms="1136" started-at="2021-05-15T21:53:52 IST" finished-at="2021-05-15T21:53:53 IST">
          <reporter-output>
          </reporter-output>
        </test-method> <!-- teardown -->
        <test-method status="PASS" signature="SetUp()[pri:0, instance:com.easemytrip.qa.tests.LoginPageTest@4d41cee]" name="SetUp" is-config="true" duration-ms="11407" started-at="2021-05-15T21:53:53 IST" finished-at="2021-05-15T21:54:04 IST">
          <reporter-output>
          </reporter-output>
        </test-method> <!-- SetUp -->
        <test-method status="PASS" signature="loginPagetTest()[pri:2, instance:com.easemytrip.qa.tests.LoginPageTest@4d41cee]" name="loginPagetTest" duration-ms="4147" started-at="2021-05-15T21:54:04 IST" finished-at="2021-05-15T21:54:08 IST">
          <reporter-output>
          </reporter-output>
        </test-method> <!-- loginPagetTest -->
        <test-method status="PASS" signature="teardown()[pri:0, instance:com.easemytrip.qa.tests.LoginPageTest@4d41cee]" name="teardown" is-config="true" duration-ms="985" started-at="2021-05-15T21:54:08 IST" finished-at="2021-05-15T21:54:09 IST">
          <reporter-output>
          </reporter-output>
        </test-method> <!-- teardown -->
      </class> <!-- com.easemytrip.qa.tests.LoginPageTest -->
      <class name="com.easemytrip.qa.tests.HomePageTest">
        <test-method status="PASS" signature="Setup()[pri:0, instance:com.easemytrip.qa.tests.HomePageTest@2833cc44]" name="Setup" is-config="true" duration-ms="11971" started-at="2021-05-15T21:54:23 IST" finished-at="2021-05-15T21:54:35 IST">
          <reporter-output>
          </reporter-output>
        </test-method> <!-- Setup -->
        <test-method status="PASS" signature="validateSearchFlight(java.lang.String, java.lang.String)[pri:0, instance:com.easemytrip.qa.tests.HomePageTest@2833cc44]" name="validateSearchFlight" duration-ms="761" started-at="2021-05-15T21:54:35 IST" data-provider="getExcelData" finished-at="2021-05-15T21:54:36 IST">
          <params>
            <param index="0">
              <value>
                <![CDATA[Bangalore]]>
              </value>
            </param>
            <param index="1">
              <value>
                <![CDATA[Guwahati]]>
              </value>
            </param>
          </params>
          <reporter-output>
          </reporter-output>
        </test-method> <!-- validateSearchFlight -->
        <test-method status="PASS" signature="teardown()[pri:0, instance:com.easemytrip.qa.tests.HomePageTest@2833cc44]" name="teardown" is-config="true" duration-ms="907" started-at="2021-05-15T21:54:36 IST" finished-at="2021-05-15T21:54:37 IST">
          <reporter-output>
          </reporter-output>
        </test-method> <!-- teardown -->
        <test-method status="PASS" signature="Setup()[pri:0, instance:com.easemytrip.qa.tests.HomePageTest@2833cc44]" name="Setup" is-config="true" duration-ms="11386" started-at="2021-05-15T21:54:37 IST" finished-at="2021-05-15T21:54:48 IST">
          <reporter-output>
          </reporter-output>
        </test-method> <!-- Setup -->
        <test-method status="PASS" signature="validateSearchFlight(java.lang.String, java.lang.String)[pri:0, instance:com.easemytrip.qa.tests.HomePageTest@2833cc44]" name="validateSearchFlight" duration-ms="659" started-at="2021-05-15T21:54:48 IST" data-provider="getExcelData" finished-at="2021-05-15T21:54:49 IST">
          <params>
            <param index="0">
              <value>
                <![CDATA[Kolkata]]>
              </value>
            </param>
            <param index="1">
              <value>
                <![CDATA[Delhi]]>
              </value>
            </param>
          </params>
          <reporter-output>
          </reporter-output>
        </test-method> <!-- validateSearchFlight -->
        <test-method status="PASS" signature="teardown()[pri:0, instance:com.easemytrip.qa.tests.HomePageTest@2833cc44]" name="teardown" is-config="true" duration-ms="881" started-at="2021-05-15T21:54:49 IST" finished-at="2021-05-15T21:54:50 IST">
          <reporter-output>
          </reporter-output>
        </test-method> <!-- teardown -->
        <test-method status="PASS" signature="Setup()[pri:0, instance:com.easemytrip.qa.tests.HomePageTest@2833cc44]" name="Setup" is-config="true" duration-ms="14193" started-at="2021-05-15T21:54:50 IST" finished-at="2021-05-15T21:55:04 IST">
          <reporter-output>
          </reporter-output>
        </test-method> <!-- Setup -->
        <test-method status="PASS" signature="validateuserlogo()[pri:1, instance:com.easemytrip.qa.tests.HomePageTest@2833cc44]" name="validateuserlogo" duration-ms="112" started-at="2021-05-15T21:55:04 IST" finished-at="2021-05-15T21:55:04 IST">
          <reporter-output>
          </reporter-output>
        </test-method> <!-- validateuserlogo -->
        <test-method status="PASS" signature="teardown()[pri:0, instance:com.easemytrip.qa.tests.HomePageTest@2833cc44]" name="teardown" is-config="true" duration-ms="1811" started-at="2021-05-15T21:55:04 IST" finished-at="2021-05-15T21:55:06 IST">
          <reporter-output>
          </reporter-output>
        </test-method> <!-- teardown -->
        <test-method status="PASS" signature="Setup()[pri:0, instance:com.easemytrip.qa.tests.HomePageTest@2833cc44]" name="Setup" is-config="true" duration-ms="12815" started-at="2021-05-15T21:55:06 IST" finished-at="2021-05-15T21:55:19 IST">
          <reporter-output>
          </reporter-output>
        </test-method> <!-- Setup -->
        <test-method status="PASS" signature="usrLogOutTest()[pri:2, instance:com.easemytrip.qa.tests.HomePageTest@2833cc44]" name="usrLogOutTest" duration-ms="407" started-at="2021-05-15T21:55:19 IST" finished-at="2021-05-15T21:55:19 IST">
          <reporter-output>
          </reporter-output>
        </test-method> <!-- usrLogOutTest -->
        <test-method status="PASS" signature="teardown()[pri:0, instance:com.easemytrip.qa.tests.HomePageTest@2833cc44]" name="teardown" is-config="true" duration-ms="899" started-at="2021-05-15T21:55:19 IST" finished-at="2021-05-15T21:55:20 IST">
          <reporter-output>
          </reporter-output>
        </test-method> <!-- teardown -->
        <test-method status="PASS" signature="Setup()[pri:0, instance:com.easemytrip.qa.tests.HomePageTest@2833cc44]" name="Setup" is-config="true" duration-ms="10768" started-at="2021-05-15T21:55:20 IST" finished-at="2021-05-15T21:55:31 IST">
          <reporter-output>
          </reporter-output>
        </test-method> <!-- Setup -->
        <test-method status="FAIL" signature="validateMenuTabs()[pri:3, instance:com.easemytrip.qa.tests.HomePageTest@2833cc44]" name="validateMenuTabs" duration-ms="563" started-at="2021-05-15T21:55:31 IST" finished-at="2021-05-15T21:55:32 IST">
          <exception class="java.lang.AssertionError">
            <message>
              <![CDATA[the labels of the tabs did not match: lists don't have the same size expected [11] but found [10]]]>
            </message>
            <full-stacktrace>
              <![CDATA[java.lang.AssertionError: the labels of the tabs did not match: lists don't have the same size expected [11] but found [10]
at org.testng.Assert.fail(Assert.java:97)
at org.testng.Assert.assertEqualsImpl(Assert.java:136)
at org.testng.Assert.assertEquals(Assert.java:118)
at org.testng.Assert.assertEquals(Assert.java:839)
at org.testng.Assert.assertEquals(Assert.java:1017)
at com.easemytrip.qa.tests.HomePageTest.validateMenuTabs(HomePageTest.java:71)
at sun.reflect.NativeMethodAccessorImpl.invoke0(Native Method)
at sun.reflect.NativeMethodAccessorImpl.invoke(NativeMethodAccessorImpl.java:62)
at sun.reflect.DelegatingMethodAccessorImpl.invoke(DelegatingMethodAccessorImpl.java:43)
at java.lang.reflect.Method.invoke(Method.java:498)
at org.testng.internal.MethodInvocationHelper.invokeMethod(MethodInvocationHelper.java:134)
at org.testng.internal.TestInvoker.invokeMethod(TestInvoker.java:597)
at org.testng.internal.TestInvoker.invokeTestMethod(TestInvoker.java:173)
at org.testng.internal.MethodRunner.runInSequence(MethodRunner.java:46)
at org.testng.internal.TestInvoker$MethodInvocationAgent.invoke(TestInvoker.java:816)
at org.testng.internal.TestInvoker.invokeTestMethods(TestInvoker.java:146)
at org.testng.internal.TestMethodWorker.invokeTestMethods(TestMethodWorker.java:146)
at org.testng.internal.TestMethodWorker.run(TestMethodWorker.java:128)
at java.util.ArrayList.forEach(ArrayList.java:1257)
at org.testng.TestRunner.privateRun(TestRunner.java:766)
at org.testng.TestRunner.run(TestRunner.java:587)
at org.testng.SuiteRunner.runTest(SuiteRunner.java:384)
at org.testng.SuiteRunner.runSequentially(SuiteRunner.java:378)
at org.testng.SuiteRunner.privateRun(SuiteRunner.java:337)
at org.testng.SuiteRunner.run(SuiteRunner.java:286)
at org.testng.SuiteRunnerWorker.runSuite(SuiteRunnerWorker.java:53)
at org.testng.SuiteRunnerWorker.run(SuiteRunnerWorker.java:96)
at org.testng.TestNG.runSuitesSequentially(TestNG.java:1187)
at org.testng.TestNG.runSuitesLocally(TestNG.java:1109)
at org.testng.TestNG.runSuites(TestNG.java:1039)
at org.testng.TestNG.run(TestNG.java:1007)
at org.testng.remote.AbstractRemoteTestNG.run(AbstractRemoteTestNG.java:115)
at org.testng.remote.RemoteTestNG.initAndRun(RemoteTestNG.java:251)
at org.testng.remote.RemoteTestNG.main(RemoteTestNG.java:77)
]]>
            </full-stacktrace>
          </exception> <!-- java.lang.AssertionError -->
          <reporter-output>
          </reporter-output>
        </test-method> <!-- validateMenuTabs -->
        <test-method status="PASS" signature="teardown()[pri:0, instance:com.easemytrip.qa.tests.HomePageTest@2833cc44]" name="teardown" is-config="true" duration-ms="1240" started-at="2021-05-15T21:55:32 IST" finished-at="2021-05-15T21:55:33 IST">
          <reporter-output>
          </reporter-output>
        </test-method> <!-- teardown -->
      </class> <!-- com.easemytrip.qa.tests.HomePageTest -->
      <class name="com.easemytrip.qa.tests.RegistrationPageTest">
        <test-method status="PASS" signature="setup()[pri:0, instance:com.easemytrip.qa.tests.RegistrationPageTest@3712b94]" name="setup" is-config="true" duration-ms="10802" started-at="2021-05-15T21:54:09 IST" finished-at="2021-05-15T21:54:20 IST">
          <reporter-output>
          </reporter-output>
        </test-method> <!-- setup -->
        <test-method status="PASS" signature="validateRegistrationTest()[pri:0, instance:com.easemytrip.qa.tests.RegistrationPageTest@3712b94]" name="validateRegistrationTest" duration-ms="1439" started-at="2021-05-15T21:54:20 IST" finished-at="2021-05-15T21:54:22 IST">
          <reporter-output>
          </reporter-output>
        </test-method> <!-- validateRegistrationTest -->
        <test-method status="PASS" signature="teardown()[pri:0, instance:com.easemytrip.qa.tests.RegistrationPageTest@3712b94]" name="teardown" is-config="true" duration-ms="1028" started-at="2021-05-15T21:54:22 IST" finished-at="2021-05-15T21:54:23 IST">
          <reporter-output>
          </reporter-output>
        </test-method> <!-- teardown -->
      </class> <!-- com.easemytrip.qa.tests.RegistrationPageTest -->
    </test> <!-- EaseMyTripTestCases -->
  </suite> <!-- EaseMyTripAutomationSuite -->
</testng-results>
