<?xml version="1.0" encoding="UTF-8"?>
<!-- Generated by org.testng.reporters.JUnitXMLReporter -->
<testsuite hostname="DESKTOP-302Q34G" ignored="0" name="EaseMyTripTestCases" tests="6" failures="0" timestamp="2020-07-28T22:53:22 IST" time="105.009" errors="0">
  <testcase name="loginPageTitleTest" time="0.038" classname="com.easemytrip.qa.tests.LoginPageTest"/>
  <testcase name="loginPagetTest" time="5.072" classname="com.easemytrip.qa.tests.LoginPageTest"/>
  <testcase name="validateRegistrationTest" time="2.565" classname="com.easemytrip.qa.tests.RegistrationPageTest"/>
  <testcase name="validateuserlogo" time="0.324" classname="com.easemytrip.qa.tests.HomePageTest"/>
  <testcase name="usrLogOutTest" time="1.008" classname="com.easemytrip.qa.tests.HomePageTest"/>
  <testcase name="validateMenuTabs" time="0.831" classname="com.easemytrip.qa.tests.HomePageTest"/>
</testsuite> <!-- EaseMyTripTestCases -->
